<?xml version="1.0" encoding="UTF-8"?>
<testsuite name="UserTest" tests="4" skipped="0" failures="0" errors="0" timestamp="2021-04-23T23:01:38" hostname="DESKTOP-6LGH0H6" time="0.002">
  <properties/>
  <testcase name="TestBill" classname="UserTest" time="0.001"/>
  <testcase name="TestPhy" classname="UserTest" time="0.0"/>
  <testcase name="TestReg" classname="UserTest" time="0.001"/>
  <testcase name="TestNurse" classname="UserTest" time="0.0"/>
  <system-out><![CDATA[]]></system-out>
  <system-err><![CDATA[]]></system-err>
</testsuite>
